<?xml version="1.0" encoding="UTF-8"?>
<!-- Generated by org.testng.reporters.JUnitReportReporter -->
<testsuite skipped="0" hostname="XIPL91484" name="baseTest.BaseTest" tests="1" failures="0" timestamp="07 Jan 2022 12:43:21 GMT" time="0.006" errors="0">
  <testcase name="utilTest" time="0.006" classname="baseTest.BaseTest"/>
</testsuite> <!-- baseTest.BaseTest -->
