<?xml version="1.0" encoding="UTF-8"?>
<!-- Generated by org.testng.reporters.JUnitReportReporter -->
<testsuite skipped="0" hostname="XIPL91484" name="getReq.postRequest" tests="1" failures="0" timestamp="06 Jan 2022 10:12:47 GMT" time="2.842" errors="0">
  <testcase name="postRequest" time="2.842" classname="getReq.postRequest"/>
</testsuite> <!-- getReq.postRequest -->
