<?xml version="1.0" encoding="UTF-8"?>
<!-- Generated by org.testng.reporters.JUnitReportReporter -->
<testsuite skipped="0" hostname="XIPL91484" name="getReq.GetRequest" tests="1" failures="0" timestamp="06 Jan 2022 05:59:54 GMT" time="2.878" errors="0">
  <testcase name="getRequestAutomation" time="2.878" classname="getReq.GetRequest"/>
</testsuite> <!-- getReq.GetRequest -->
